C:\Program Files (x86)\MSBuild\Microsoft.Cpp\v4.0\V120\Microsoft.CppBuild.targets(388,5): warning MSB8028: The intermediate directory (Debug\) contains files shared from another project (Breakout.vcxproj).  This can lead to incorrect clean and rebuild behavior.
  Bullet.cpp
  Generating Code...
  Compiling...
  sprite.cpp
  paddle.cpp
c:\users\francis\source\repos\space-invaders2\space invaders\breakout\paddle.cpp(59): warning C4244: 'initializing' : conversion from 'double' to 'float', possible loss of data
  main.cpp
  level.cpp
  game.cpp
  entity.cpp
  brick.cpp
  ball.cpp
  background.cpp
  Generating Code...
c:\users\francis\source\repos\space-invaders2\space invaders\breakout\level.cpp(477): warning C4715: 'CLevel::AddPlayerBullet' : not all control paths return a value
c:\users\francis\source\repos\space-invaders2\space invaders\breakout\level.cpp(486): warning C4715: 'CLevel::AddAlienBullet' : not all control paths return a value
  Compiling...
  framecounter.cpp
  clock.cpp
  backbuffer.cpp
  Generating Code...
  Breakout.vcxproj -> C:\Users\Francis\Source\Repos\Space-Invaders2\Space Invaders\Debug\Space Invaders.exe
